<?xml version="1.0" encoding="UTF-8"?>
<robot generator="Robot 6.0 (Python 3.10.8 on linux)" generated="20221103 09:56:17.047" rpa="false" schemaversion="3">
<suite id="s1" name="Login" source="/home/fschefer/Documents/robocamp/tests/login.robot">
<test id="s1-t1" name="Admin login" line="6">
<kw name="New Browser" library="Browser">
<arg>headless=false</arg>
<arg>browser=chromium</arg>
<tag>BrowserControl</tag>
<tag>Setter</tag>
<doc>Create a new playwright Browser with specified options.</doc>
<msg timestamp="20221103 09:56:17.497" level="INFO">{"browser": "chromium", "headless": false, "devtools": false, "handleSIGHUP": true, "handleSIGINT": true, "handleSIGTERM": true, "slowMo": 0.0, "timeout": 30000.0, "deprecated_pos_args": [], "tracesDir": "/home/fschefer/Documents/robocamp/logs/browser/traces/848fb62d-f6dc-48fa-9592-175495ae5180"}</msg>
<msg timestamp="20221103 09:56:17.745" level="INFO">Successfully created browser with options: {"browser":"chromium","headless":false,"devtools":false,"handleSIGHUP":true,"handleSIGINT":true,"handleSIGTERM":true,"slowMo":0,"timeout":30000,"deprecated_pos_args":[],"tracesDir":"/home/fschefer/Documents/robocamp/logs/browser/traces/848fb62d-f6dc-48fa-9592-175495ae5180"}</msg>
<status status="PASS" starttime="20221103 09:56:17.497" endtime="20221103 09:56:17.745"/>
</kw>
<kw name="New Page" library="Browser">
<arg>http://localhost:3000</arg>
<tag>BrowserControl</tag>
<tag>Setter</tag>
<doc>Open a new Page.</doc>
<msg timestamp="20221103 09:56:18.940" level="INFO">Successfully initialized new page object and opened url: http://localhost:3000</msg>
<msg timestamp="20221103 09:56:18.940" level="INFO">No context was open. New context was automatically opened when this page is created.</msg>
<status status="PASS" starttime="20221103 09:56:17.746" endtime="20221103 09:56:18.941"/>
</kw>
<kw name="Fill Text" library="Browser">
<arg>css=input[name=email]</arg>
<arg>admin@smartbit.com</arg>
<tag>PageContent</tag>
<tag>Setter</tag>
<doc>Clears and fills the given ``txt`` into the text field found by ``selector``.</doc>
<msg timestamp="20221103 09:56:18.943" level="INFO">Fills the text 'admin@smartbit.com' in the given field.</msg>
<status status="PASS" starttime="20221103 09:56:18.941" endtime="20221103 09:56:18.999"/>
</kw>
<kw name="Fill Text" library="Browser">
<arg>css=input[name=password]</arg>
<arg>qacademy</arg>
<tag>PageContent</tag>
<tag>Setter</tag>
<doc>Clears and fills the given ``txt`` into the text field found by ``selector``.</doc>
<msg timestamp="20221103 09:56:19.000" level="INFO">Fills the text 'qacademy' in the given field.</msg>
<status status="PASS" starttime="20221103 09:56:18.999" endtime="20221103 09:56:19.031"/>
</kw>
<kw name="Click" library="Browser">
<arg>xpath=//button[text()="Entrar no sistema"]</arg>
<tag>PageContent</tag>
<tag>Setter</tag>
<doc>Simulates mouse click on the element found by ``selector``.</doc>
<status status="PASS" starttime="20221103 09:56:19.031" endtime="20221103 09:56:19.089"/>
</kw>
<kw name="Get Text" library="Browser">
<arg>css= aside strong</arg>
<arg>equal</arg>
<arg>Admin</arg>
<tag>Assertion</tag>
<tag>Getter</tag>
<tag>PageContent</tag>
<doc>Returns text attribute of the element found by ``selector``.</doc>
<status status="PASS" starttime="20221103 09:56:19.090" endtime="20221103 09:56:19.794"/>
</kw>
<status status="PASS" starttime="20221103 09:56:17.494" endtime="20221103 09:56:19.794"/>
</test>
<test id="s1-t2" name="Invalid e-mail" line="14">
<kw name="New Browser" library="Browser">
<arg>headless=false</arg>
<arg>browser=chromium</arg>
<tag>BrowserControl</tag>
<tag>Setter</tag>
<doc>Create a new playwright Browser with specified options.</doc>
<msg timestamp="20221103 09:56:19.880" level="INFO">{"browser": "chromium", "headless": false, "devtools": false, "handleSIGHUP": true, "handleSIGINT": true, "handleSIGTERM": true, "slowMo": 0.0, "timeout": 30000.0, "deprecated_pos_args": [], "tracesDir": "/home/fschefer/Documents/robocamp/logs/browser/traces/d6e90b63-7637-4bb3-820f-09ccfcfc77d2"}</msg>
<msg timestamp="20221103 09:56:20.237" level="INFO">Successfully created browser with options: {"browser":"chromium","headless":false,"devtools":false,"handleSIGHUP":true,"handleSIGINT":true,"handleSIGTERM":true,"slowMo":0,"timeout":30000,"deprecated_pos_args":[],"tracesDir":"/home/fschefer/Documents/robocamp/logs/browser/traces/d6e90b63-7637-4bb3-820f-09ccfcfc77d2"}</msg>
<status status="PASS" starttime="20221103 09:56:19.878" endtime="20221103 09:56:20.238"/>
</kw>
<kw name="New Page" library="Browser">
<arg>http://localhost:3000</arg>
<tag>BrowserControl</tag>
<tag>Setter</tag>
<doc>Open a new Page.</doc>
<msg timestamp="20221103 09:56:21.345" level="INFO">Successfully initialized new page object and opened url: http://localhost:3000</msg>
<msg timestamp="20221103 09:56:21.346" level="INFO">No context was open. New context was automatically opened when this page is created.</msg>
<status status="PASS" starttime="20221103 09:56:20.238" endtime="20221103 09:56:21.346"/>
</kw>
<kw name="Fill Text" library="Browser">
<arg>css=input[name=email]</arg>
<arg>404@smartbit.com</arg>
<tag>PageContent</tag>
<tag>Setter</tag>
<doc>Clears and fills the given ``txt`` into the text field found by ``selector``.</doc>
<msg timestamp="20221103 09:56:21.347" level="INFO">Fills the text '404@smartbit.com' in the given field.</msg>
<status status="PASS" starttime="20221103 09:56:21.346" endtime="20221103 09:56:21.392"/>
</kw>
<kw name="Fill Text" library="Browser">
<arg>css=input[name=password]</arg>
<arg>qacademy</arg>
<tag>PageContent</tag>
<tag>Setter</tag>
<doc>Clears and fills the given ``txt`` into the text field found by ``selector``.</doc>
<msg timestamp="20221103 09:56:21.393" level="INFO">Fills the text 'qacademy' in the given field.</msg>
<status status="PASS" starttime="20221103 09:56:21.393" endtime="20221103 09:56:21.416"/>
</kw>
<kw name="Click" library="Browser">
<arg>xpath=//button[text()="Entrar no sistema"]</arg>
<tag>PageContent</tag>
<tag>Setter</tag>
<doc>Simulates mouse click on the element found by ``selector``.</doc>
<status status="PASS" starttime="20221103 09:56:21.417" endtime="20221103 09:56:21.483"/>
</kw>
<kw name="Wait For Elements State" library="Browser">
<arg>css=.Toastify__toast-body &gt;&gt; text=Suas credenciais são inválidas, por favor tente novamente!</arg>
<arg>visible</arg>
<arg>5</arg>
<tag>PageContent</tag>
<tag>Wait</tag>
<doc>Waits for the element found by ``selector`` to satisfy state option.</doc>
<msg timestamp="20221103 09:56:21.562" level="INFO">Waited for Element with selector css=.Toastify__toast-body &gt;&gt; text=Suas credenciais são inválidas, por favor tente novamente! at state visible</msg>
<status status="PASS" starttime="20221103 09:56:21.484" endtime="20221103 09:56:21.562"/>
</kw>
<status status="PASS" starttime="20221103 09:56:19.876" endtime="20221103 09:56:21.563"/>
</test>
<doc>User should login to the admin page</doc>
<status status="PASS" starttime="20221103 09:56:17.047" endtime="20221103 09:56:21.628"/>
</suite>
<statistics>
<total>
<stat pass="2" fail="0" skip="0">All Tests</stat>
</total>
<tag>
</tag>
<suite>
<stat pass="2" fail="0" skip="0" id="s1" name="Login">Login</stat>
</suite>
</statistics>
<errors>
</errors>
</robot>
