<?xml version="1.0" encoding="UTF-8"?>
<robot generator="Robot 6.0 (Python 3.10.8 on linux)" generated="20221103 11:04:56.416" rpa="false" schemaversion="3">
<suite id="s1" name="Robot Camp" source="/home/fschefer/Documents/GitHub/anotacoesEstudo/Robot Camp">
<suite id="s1-s1" name="Tests" source="/home/fschefer/Documents/GitHub/anotacoesEstudo/Robot Camp/tests">
<suite id="s1-s1-s1" name="Login" source="/home/fschefer/Documents/GitHub/anotacoesEstudo/Robot Camp/tests/login.robot">
<test id="s1-s1-s1-t1" name="Admin login" line="6">
<kw name="Open page" library="keywords">
<kw name="New Browser" library="Browser">
<arg>headless=false</arg>
<arg>browser=chromium</arg>
<tag>BrowserControl</tag>
<tag>Setter</tag>
<doc>Create a new playwright Browser with specified options.</doc>
<msg timestamp="20221103 11:04:57.101" level="INFO">{"browser": "chromium", "headless": false, "devtools": false, "handleSIGHUP": true, "handleSIGINT": true, "handleSIGTERM": true, "slowMo": 0.0, "timeout": 30000.0, "deprecated_pos_args": [], "tracesDir": "/home/fschefer/Documents/GitHub/anotacoesEstudo/Robot Camp/results/browser/traces/0b11f3d9-2c5d-414e-939d-26d0246b7c41"}</msg>
<msg timestamp="20221103 11:04:57.396" level="INFO">Successfully created browser with options: {"browser":"chromium","headless":false,"devtools":false,"handleSIGHUP":true,"handleSIGINT":true,"handleSIGTERM":true,"slowMo":0,"timeout":30000,"deprecated_pos_args":[],"tracesDir":"/home/fschefer/Documents/GitHub/anotacoesEstudo/Robot Camp/results/browser/traces/0b11f3d9-2c5d-414e-939d-26d0246b7c41"}</msg>
<status status="PASS" starttime="20221103 11:04:57.101" endtime="20221103 11:04:57.398"/>
</kw>
<kw name="New Page" library="Browser">
<arg>http://localhost:3000</arg>
<tag>BrowserControl</tag>
<tag>Setter</tag>
<doc>Open a new Page.</doc>
<msg timestamp="20221103 11:04:58.636" level="INFO">Successfully initialized new page object and opened url: http://localhost:3000</msg>
<msg timestamp="20221103 11:04:58.638" level="INFO">No context was open. New context was automatically opened when this page is created.</msg>
<status status="PASS" starttime="20221103 11:04:57.399" endtime="20221103 11:04:58.640"/>
</kw>
<status status="PASS" starttime="20221103 11:04:57.100" endtime="20221103 11:04:58.644"/>
</kw>
<kw name="Fill Credentials" library="keywords">
<arg>admin@smartbit.com</arg>
<arg>qacademy</arg>
<kw name="Fill Text" library="Browser">
<arg>css=input[name=email]</arg>
<arg>${email}</arg>
<tag>PageContent</tag>
<tag>Setter</tag>
<doc>Clears and fills the given ``txt`` into the text field found by ``selector``.</doc>
<msg timestamp="20221103 11:04:58.649" level="INFO">Fills the text 'admin@smartbit.com' in the given field.</msg>
<status status="PASS" starttime="20221103 11:04:58.647" endtime="20221103 11:04:58.703"/>
</kw>
<kw name="Fill Text" library="Browser">
<arg>css=input[name=password]</arg>
<arg>${password}</arg>
<tag>PageContent</tag>
<tag>Setter</tag>
<doc>Clears and fills the given ``txt`` into the text field found by ``selector``.</doc>
<msg timestamp="20221103 11:04:58.704" level="INFO">Fills the text 'qacademy' in the given field.</msg>
<status status="PASS" starttime="20221103 11:04:58.704" endtime="20221103 11:04:58.729"/>
</kw>
<status status="PASS" starttime="20221103 11:04:58.645" endtime="20221103 11:04:58.730"/>
</kw>
<kw name="Submit Credentials" library="keywords">
<kw name="Click" library="Browser">
<arg>xpath=//button[text()="Entrar no sistema"]</arg>
<tag>PageContent</tag>
<tag>Setter</tag>
<doc>Simulates mouse click on the element found by ``selector``.</doc>
<status status="PASS" starttime="20221103 11:04:58.731" endtime="20221103 11:04:58.797"/>
</kw>
<status status="PASS" starttime="20221103 11:04:58.730" endtime="20221103 11:04:58.798"/>
</kw>
<kw name="Get Text" library="Browser">
<arg>css= aside strong</arg>
<arg>equal</arg>
<arg>Admin</arg>
<tag>Assertion</tag>
<tag>Getter</tag>
<tag>PageContent</tag>
<doc>Returns text attribute of the element found by ``selector``.</doc>
<status status="PASS" starttime="20221103 11:04:58.799" endtime="20221103 11:04:59.816"/>
</kw>
<status status="PASS" starttime="20221103 11:04:57.096" endtime="20221103 11:04:59.817"/>
</test>
<test id="s1-s1-s1-t2" name="Invalid e-mail" line="12">
<kw name="Open page" library="keywords">
<kw name="New Browser" library="Browser">
<arg>headless=false</arg>
<arg>browser=chromium</arg>
<tag>BrowserControl</tag>
<tag>Setter</tag>
<doc>Create a new playwright Browser with specified options.</doc>
<msg timestamp="20221103 11:04:59.890" level="INFO">{"browser": "chromium", "headless": false, "devtools": false, "handleSIGHUP": true, "handleSIGINT": true, "handleSIGTERM": true, "slowMo": 0.0, "timeout": 30000.0, "deprecated_pos_args": [], "tracesDir": "/home/fschefer/Documents/GitHub/anotacoesEstudo/Robot Camp/results/browser/traces/8e5f2704-2ff8-4b11-825c-445c5fa45e18"}</msg>
<msg timestamp="20221103 11:05:00.267" level="INFO">Successfully created browser with options: {"browser":"chromium","headless":false,"devtools":false,"handleSIGHUP":true,"handleSIGINT":true,"handleSIGTERM":true,"slowMo":0,"timeout":30000,"deprecated_pos_args":[],"tracesDir":"/home/fschefer/Documents/GitHub/anotacoesEstudo/Robot Camp/results/browser/traces/8e5f2704-2ff8-4b11-825c-445c5fa45e18"}</msg>
<status status="PASS" starttime="20221103 11:04:59.887" endtime="20221103 11:05:00.268"/>
</kw>
<kw name="New Page" library="Browser">
<arg>http://localhost:3000</arg>
<tag>BrowserControl</tag>
<tag>Setter</tag>
<doc>Open a new Page.</doc>
<msg timestamp="20221103 11:05:01.391" level="INFO">Successfully initialized new page object and opened url: http://localhost:3000</msg>
<msg timestamp="20221103 11:05:01.393" level="INFO">No context was open. New context was automatically opened when this page is created.</msg>
<status status="PASS" starttime="20221103 11:05:00.269" endtime="20221103 11:05:01.397"/>
</kw>
<status status="PASS" starttime="20221103 11:04:59.885" endtime="20221103 11:05:01.398"/>
</kw>
<kw name="Fill Credentials" library="keywords">
<arg>404@qaninja.com</arg>
<arg>admin</arg>
<kw name="Fill Text" library="Browser">
<arg>css=input[name=email]</arg>
<arg>${email}</arg>
<tag>PageContent</tag>
<tag>Setter</tag>
<doc>Clears and fills the given ``txt`` into the text field found by ``selector``.</doc>
<msg timestamp="20221103 11:05:01.401" level="INFO">Fills the text '404@qaninja.com' in the given field.</msg>
<status status="PASS" starttime="20221103 11:05:01.400" endtime="20221103 11:05:01.452"/>
</kw>
<kw name="Fill Text" library="Browser">
<arg>css=input[name=password]</arg>
<arg>${password}</arg>
<tag>PageContent</tag>
<tag>Setter</tag>
<doc>Clears and fills the given ``txt`` into the text field found by ``selector``.</doc>
<msg timestamp="20221103 11:05:01.453" level="INFO">Fills the text 'admin' in the given field.</msg>
<status status="PASS" starttime="20221103 11:05:01.453" endtime="20221103 11:05:01.484"/>
</kw>
<status status="PASS" starttime="20221103 11:05:01.398" endtime="20221103 11:05:01.485"/>
</kw>
<kw name="Submit Credentials" library="keywords">
<kw name="Click" library="Browser">
<arg>xpath=//button[text()="Entrar no sistema"]</arg>
<tag>PageContent</tag>
<tag>Setter</tag>
<doc>Simulates mouse click on the element found by ``selector``.</doc>
<status status="PASS" starttime="20221103 11:05:01.486" endtime="20221103 11:05:01.540"/>
</kw>
<status status="PASS" starttime="20221103 11:05:01.485" endtime="20221103 11:05:01.541"/>
</kw>
<kw name="Validate toaster" library="keywords">
<kw name="Wait For Elements State" library="Browser">
<arg>css=.Toastify__toast-body &gt;&gt; text=Suas credenciais são inválidas, por favor tente novamente!</arg>
<arg>visible</arg>
<arg>5</arg>
<tag>PageContent</tag>
<tag>Wait</tag>
<doc>Waits for the element found by ``selector`` to satisfy state option.</doc>
<msg timestamp="20221103 11:05:01.616" level="INFO">Waited for Element with selector css=.Toastify__toast-body &gt;&gt; text=Suas credenciais são inválidas, por favor tente novamente! at state visible</msg>
<status status="PASS" starttime="20221103 11:05:01.543" endtime="20221103 11:05:01.617"/>
</kw>
<status status="PASS" starttime="20221103 11:05:01.542" endtime="20221103 11:05:01.618"/>
</kw>
<status status="PASS" starttime="20221103 11:04:59.880" endtime="20221103 11:05:01.618"/>
</test>
<test id="s1-s1-s1-t3" name="Invalid password" line="19">
<kw name="Open page" library="keywords">
<kw name="New Browser" library="Browser">
<arg>headless=false</arg>
<arg>browser=chromium</arg>
<tag>BrowserControl</tag>
<tag>Setter</tag>
<doc>Create a new playwright Browser with specified options.</doc>
<msg timestamp="20221103 11:05:01.702" level="INFO">{"browser": "chromium", "headless": false, "devtools": false, "handleSIGHUP": true, "handleSIGINT": true, "handleSIGTERM": true, "slowMo": 0.0, "timeout": 30000.0, "deprecated_pos_args": [], "tracesDir": "/home/fschefer/Documents/GitHub/anotacoesEstudo/Robot Camp/results/browser/traces/e13fc78a-d8ac-4d5f-a477-a6dd4e247b01"}</msg>
<msg timestamp="20221103 11:05:02.030" level="INFO">Successfully created browser with options: {"browser":"chromium","headless":false,"devtools":false,"handleSIGHUP":true,"handleSIGINT":true,"handleSIGTERM":true,"slowMo":0,"timeout":30000,"deprecated_pos_args":[],"tracesDir":"/home/fschefer/Documents/GitHub/anotacoesEstudo/Robot Camp/results/browser/traces/e13fc78a-d8ac-4d5f-a477-a6dd4e247b01"}</msg>
<status status="PASS" starttime="20221103 11:05:01.701" endtime="20221103 11:05:02.034"/>
</kw>
<kw name="New Page" library="Browser">
<arg>http://localhost:3000</arg>
<tag>BrowserControl</tag>
<tag>Setter</tag>
<doc>Open a new Page.</doc>
<msg timestamp="20221103 11:05:08.598" level="INFO">Successfully initialized new page object and opened url: http://localhost:3000</msg>
<msg timestamp="20221103 11:05:08.600" level="INFO">No context was open. New context was automatically opened when this page is created.</msg>
<status status="PASS" starttime="20221103 11:05:02.034" endtime="20221103 11:05:08.602"/>
</kw>
<status status="PASS" starttime="20221103 11:05:01.700" endtime="20221103 11:05:08.603"/>
</kw>
<kw name="Fill Credentials" library="keywords">
<arg>admin@smartbit.com</arg>
<arg>wrongpass</arg>
<kw name="Fill Text" library="Browser">
<arg>css=input[name=email]</arg>
<arg>${email}</arg>
<tag>PageContent</tag>
<tag>Setter</tag>
<doc>Clears and fills the given ``txt`` into the text field found by ``selector``.</doc>
<msg timestamp="20221103 11:05:08.608" level="INFO">Fills the text 'admin@smartbit.com' in the given field.</msg>
<status status="PASS" starttime="20221103 11:05:08.607" endtime="20221103 11:05:08.664"/>
</kw>
<kw name="Fill Text" library="Browser">
<arg>css=input[name=password]</arg>
<arg>${password}</arg>
<tag>PageContent</tag>
<tag>Setter</tag>
<doc>Clears and fills the given ``txt`` into the text field found by ``selector``.</doc>
<msg timestamp="20221103 11:05:08.665" level="INFO">Fills the text 'wrongpass' in the given field.</msg>
<status status="PASS" starttime="20221103 11:05:08.665" endtime="20221103 11:05:08.687"/>
</kw>
<status status="PASS" starttime="20221103 11:05:08.604" endtime="20221103 11:05:08.687"/>
</kw>
<kw name="Submit Credentials" library="keywords">
<kw name="Click" library="Browser">
<arg>xpath=//button[text()="Entrar no sistema"]</arg>
<tag>PageContent</tag>
<tag>Setter</tag>
<doc>Simulates mouse click on the element found by ``selector``.</doc>
<status status="PASS" starttime="20221103 11:05:08.691" endtime="20221103 11:05:08.753"/>
</kw>
<status status="PASS" starttime="20221103 11:05:08.688" endtime="20221103 11:05:08.753"/>
</kw>
<kw name="Validate toaster" library="keywords">
<kw name="Wait For Elements State" library="Browser">
<arg>css=.Toastify__toast-body &gt;&gt; text=Suas credenciais são inválidas, por favor tente novamente!</arg>
<arg>visible</arg>
<arg>5</arg>
<tag>PageContent</tag>
<tag>Wait</tag>
<doc>Waits for the element found by ``selector`` to satisfy state option.</doc>
<msg timestamp="20221103 11:05:09.948" level="INFO">Waited for Element with selector css=.Toastify__toast-body &gt;&gt; text=Suas credenciais são inválidas, por favor tente novamente! at state visible</msg>
<status status="PASS" starttime="20221103 11:05:08.756" endtime="20221103 11:05:09.950"/>
</kw>
<status status="PASS" starttime="20221103 11:05:08.754" endtime="20221103 11:05:09.950"/>
</kw>
<status status="PASS" starttime="20221103 11:05:01.693" endtime="20221103 11:05:09.951"/>
</test>
<doc>User should login to the admin page</doc>
<status status="PASS" starttime="20221103 11:04:56.540" endtime="20221103 11:05:10.045"/>
</suite>
<status status="PASS" starttime="20221103 11:04:56.538" endtime="20221103 11:05:10.056"/>
</suite>
<status status="PASS" starttime="20221103 11:04:56.512" endtime="20221103 11:05:10.063"/>
</suite>
<statistics>
<total>
<stat pass="3" fail="0" skip="0">All Tests</stat>
</total>
<tag>
</tag>
<suite>
<stat pass="3" fail="0" skip="0" id="s1" name="Robot Camp">Robot Camp</stat>
<stat pass="3" fail="0" skip="0" id="s1-s1" name="Tests">Robot Camp.Tests</stat>
<stat pass="3" fail="0" skip="0" id="s1-s1-s1" name="Login">Robot Camp.Tests.Login</stat>
</suite>
</statistics>
<errors>
</errors>
</robot>
