<?xml version="1.0" encoding="UTF-8"?>
<robot generator="Robot 6.0 (Python 3.10.8 on linux)" generated="20221107 08:16:42.060" rpa="false" schemaversion="3">
<suite id="s1" name="Robot Camp" source="/home/fschefer/Documents/GitHub/anotacoesEstudo/Robot Camp">
<suite id="s1-s1" name="Tests" source="/home/fschefer/Documents/GitHub/anotacoesEstudo/Robot Camp/tests">
<suite id="s1-s1-s1" name="Login" source="/home/fschefer/Documents/GitHub/anotacoesEstudo/Robot Camp/tests/login.robot">
<test id="s1-s1-s1-t1" name="Fill nothing" line="39">
<kw name="Open page" library="keywords">
<kw name="New Browser" library="Browser">
<arg>headless=false</arg>
<arg>browser=chromium</arg>
<tag>BrowserControl</tag>
<tag>Setter</tag>
<doc>Create a new playwright Browser with specified options.</doc>
<msg timestamp="20221107 08:16:42.807" level="INFO">{"browser": "chromium", "headless": false, "devtools": false, "handleSIGHUP": true, "handleSIGINT": true, "handleSIGTERM": true, "slowMo": 0.0, "timeout": 30000.0, "deprecated_pos_args": [], "tracesDir": "/home/fschefer/Documents/GitHub/anotacoesEstudo/Robot Camp/results/browser/traces/5dc6e015-23d3-4eb0-a271-8f3f10696f3d"}</msg>
<msg timestamp="20221107 08:16:43.129" level="INFO">Successfully created browser with options: {"browser":"chromium","headless":false,"devtools":false,"handleSIGHUP":true,"handleSIGINT":true,"handleSIGTERM":true,"slowMo":0,"timeout":30000,"deprecated_pos_args":[],"tracesDir":"/home/fschefer/Documents/GitHub/anotacoesEstudo/Robot Camp/results/browser/traces/5dc6e015-23d3-4eb0-a271-8f3f10696f3d"}</msg>
<status status="PASS" starttime="20221107 08:16:42.807" endtime="20221107 08:16:43.130"/>
</kw>
<kw name="New Page" library="Browser">
<arg>http://localhost:3000</arg>
<tag>BrowserControl</tag>
<tag>Setter</tag>
<doc>Open a new Page.</doc>
<msg timestamp="20221107 08:16:44.130" level="INFO">Successfully initialized new page object and opened url: http://localhost:3000</msg>
<msg timestamp="20221107 08:16:44.132" level="INFO">No context was open. New context was automatically opened when this page is created.</msg>
<status status="PASS" starttime="20221107 08:16:43.131" endtime="20221107 08:16:44.135"/>
</kw>
<status status="PASS" starttime="20221107 08:16:42.806" endtime="20221107 08:16:44.136"/>
</kw>
<kw name="Submit Credentials" library="keywords">
<kw name="Click" library="Browser">
<arg>xpath=//button[text()="Entrar no sistema"]</arg>
<tag>PageContent</tag>
<tag>Setter</tag>
<doc>Simulates mouse click on the element found by ``selector``.</doc>
<status status="PASS" starttime="20221107 08:16:44.141" endtime="20221107 08:16:44.228"/>
</kw>
<status status="PASS" starttime="20221107 08:16:44.139" endtime="20221107 08:16:44.229"/>
</kw>
<kw name="Validate alert" library="keywords">
<arg>email</arg>
<arg>O e-mail é obrigatório</arg>
<kw name="Get Text" library="Browser">
<arg>xpath=//input[@type="${field}"] /..//span</arg>
<arg>equal</arg>
<arg>${expected_alert}</arg>
<tag>Assertion</tag>
<tag>Getter</tag>
<tag>PageContent</tag>
<doc>Returns text attribute of the element found by ``selector``.</doc>
<status status="PASS" starttime="20221107 08:16:44.230" endtime="20221107 08:16:44.264"/>
</kw>
<status status="PASS" starttime="20221107 08:16:44.229" endtime="20221107 08:16:44.264"/>
</kw>
<kw name="Validate alert" library="keywords">
<arg>password</arg>
<arg>A senha é obrigatória</arg>
<kw name="Get Text" library="Browser">
<arg>xpath=//input[@type="${field}"] /..//span</arg>
<arg>equal</arg>
<arg>${expected_alert}</arg>
<tag>Assertion</tag>
<tag>Getter</tag>
<tag>PageContent</tag>
<doc>Returns text attribute of the element found by ``selector``.</doc>
<status status="PASS" starttime="20221107 08:16:44.265" endtime="20221107 08:16:44.286"/>
</kw>
<status status="PASS" starttime="20221107 08:16:44.265" endtime="20221107 08:16:44.288"/>
</kw>
<status status="PASS" starttime="20221107 08:16:42.800" endtime="20221107 08:16:44.288"/>
</test>
<doc>User should login to the admin page</doc>
<status status="PASS" starttime="20221107 08:16:42.194" endtime="20221107 08:16:44.367"/>
</suite>
<status status="PASS" starttime="20221107 08:16:42.189" endtime="20221107 08:16:44.383"/>
</suite>
<status status="PASS" starttime="20221107 08:16:42.163" endtime="20221107 08:16:44.386"/>
</suite>
<statistics>
<total>
<stat pass="1" fail="0" skip="0">All Tests</stat>
</total>
<tag>
</tag>
<suite>
<stat pass="1" fail="0" skip="0" id="s1" name="Robot Camp">Robot Camp</stat>
<stat pass="1" fail="0" skip="0" id="s1-s1" name="Tests">Robot Camp.Tests</stat>
<stat pass="1" fail="0" skip="0" id="s1-s1-s1" name="Login">Robot Camp.Tests.Login</stat>
</suite>
</statistics>
<errors>
</errors>
</robot>
